[2023-02-28 07:39:33] local.INFO: QB_ACCESS_TOKEN_VALID
[2023-02-28 07:39:33] local.INFO: DATA SERVICE OBJECT CREATED SUCCESSFULLY
[2023-02-28 07:39:33] local.INFO: LogPayment | payment request  App\Services\PaymentServices::store|{"AccountName":"Student40089","TotalAmt":"160.0"}{"user_id":12}
[2023-02-28 07:39:36] local.INFO: LoPayment | payment request created successfully  App\Services\PaymentServices::store|{"Id":null,"SyncToken":null,"MetaData":null,"CustomField":null,"AttachableRef":null,"domain":null,"status":null,"sparse":null,"DocNumber":null,"TxnDate":null,"DepartmentRef":null,"CurrencyRef":null,"ExchangeRate":null,"PrivateNote":null,"TxnStatus":null,"LinkedTxn":null,"Line":null,"TxnTaxDetail":null,"TxnSource":null,"TaxFormType":null,"TaxFormNum":null,"TransactionLocationType":null,"Tag":null,"TxnApprovalInfo":null,"RecurDataRef":null,"RecurringInfo":null,"ProjectRef":null,"CustomerRef":{"value":"97","name":"Student40089","type":null},"RemitToRef":null,"ARAccountRef":null,"DepositToAccountRef":null,"PaymentMethodRef":null,"PaymentRefNum":null,"PaymentType":null,"CheckPayment":null,"CreditCardPayment":null,"TotalAmt":"160.0","UnappliedAmt":null,"ProcessPayment":null,"PaymentEx":null}|Payment Created|{"user_id":12}
[2023-02-28 07:40:28] local.INFO: QB_ACCESS_TOKEN_VALID
[2023-02-28 07:40:28] local.INFO: DATA SERVICE OBJECT CREATED SUCCESSFULLY
[2023-02-28 07:40:28] local.INFO: LogPayment | payment request  App\Services\PaymentServices::store|{"AccountName":"Student40089","TotalAmt":"160.0"}{"user_id":12}
[2023-02-28 07:40:31] local.INFO: LoPayment | payment request created successfully  App\Services\PaymentServices::store|{"Id":null,"SyncToken":null,"MetaData":null,"CustomField":null,"AttachableRef":null,"domain":null,"status":null,"sparse":null,"DocNumber":null,"TxnDate":null,"DepartmentRef":null,"CurrencyRef":null,"ExchangeRate":null,"PrivateNote":null,"TxnStatus":null,"LinkedTxn":null,"Line":null,"TxnTaxDetail":null,"TxnSource":null,"TaxFormType":null,"TaxFormNum":null,"TransactionLocationType":null,"Tag":null,"TxnApprovalInfo":null,"RecurDataRef":null,"RecurringInfo":null,"ProjectRef":null,"CustomerRef":{"value":"97","name":"Student40089","type":null},"RemitToRef":null,"ARAccountRef":null,"DepositToAccountRef":null,"PaymentMethodRef":null,"PaymentRefNum":null,"PaymentType":null,"CheckPayment":null,"CreditCardPayment":null,"TotalAmt":"160.0","UnappliedAmt":null,"ProcessPayment":null,"PaymentEx":null}|Payment Created|{"user_id":12}
[2023-02-28 07:44:54] local.INFO: QB_ACCESS_TOKEN_VALID
[2023-02-28 07:44:54] local.INFO: DATA SERVICE OBJECT CREATED SUCCESSFULLY
[2023-02-28 07:44:54] local.INFO: /home/jeff/DEV/Diwecs/QuickBooks/qbacc/storage/logs/quickbooks.log
[2023-02-28 07:45:15] local.INFO: QB_ACCESS_TOKEN_VALID
[2023-02-28 07:45:15] local.INFO: DATA SERVICE OBJECT CREATED SUCCESSFULLY
[2023-02-28 07:45:15] local.INFO: /home/jeff/DEV/Diwecs/QuickBooks/qbacc/storage/logs/quickbooks.log
[2023-02-28 07:45:15] local.INFO: Student40090
[2023-02-28 07:45:32] local.INFO: QB_ACCESS_TOKEN_VALID
[2023-02-28 07:45:32] local.INFO: DATA SERVICE OBJECT CREATED SUCCESSFULLY
[2023-02-28 07:45:32] local.INFO: /home/jeff/DEV/Diwecs/QuickBooks/qbacc/storage/logs/quickbooks.log
[2023-02-28 07:45:32] local.INFO: LogPayment | payment request  App\Services\PaymentServices::store|{"AccountName":"Student40090","TotalAmt":"160.0"}{"user_id":12}
[2023-02-28 07:45:36] local.INFO: LoPayment | payment request created successfully  App\Services\PaymentServices::store|{"Id":"325","SyncToken":"0","MetaData":{"CreatedByRef":null,"CreateTime":"2023-02-27T23:45:36-08:00","LastModifiedByRef":null,"LastUpdatedTime":"2023-02-27T23:45:36-08:00","LastChangedInQB":null,"Synchronized":null},"CustomField":null,"AttachableRef":null,"domain":null,"status":null,"sparse":null,"DocNumber":null,"TxnDate":"2023-02-27","DepartmentRef":null,"CurrencyRef":"USD","ExchangeRate":null,"PrivateNote":null,"TxnStatus":null,"LinkedTxn":null,"Line":{"Id":null,"LineNum":null,"Description":null,"Amount":"160.00","Received":null,"LinkedTxn":{"TxnId":"324","TxnType":"Invoice","TxnLineId":null},"DetailType":null,"PaymentLineDetail":null,"DiscountLineDetail":null,"TaxLineDetail":null,"SalesItemLineDetail":null,"DescriptionLineDetail":null,"ItemBasedExpenseLineDetail":null,"AccountBasedExpenseLineDetail":null,"ReimburseLineDetail":null,"DepositLineDetail":null,"PurchaseOrderItemLineDetail":null,"SalesOrderItemLineDetail":null,"ItemReceiptLineDetail":null,"JournalEntryLineDetail":null,"GroupLineDetail":null,"SubTotalLineDetail":null,"TDSLineDetail":null,"ItemAdjustmentLineDetail":null,"CustomField":null,"LineEx":{},"ProjectRef":null},"TxnTaxDetail":null,"TxnSource":null,"TaxFormType":null,"TaxFormNum":null,"TransactionLocationType":null,"Tag":null,"TxnApprovalInfo":null,"RecurDataRef":null,"RecurringInfo":null,"ProjectRef":null,"CustomerRef":"98","RemitToRef":null,"ARAccountRef":null,"DepositToAccountRef":"4","PaymentMethodRef":null,"PaymentRefNum":null,"PaymentType":null,"CheckPayment":null,"CreditCardPayment":null,"TotalAmt":"160.00","UnappliedAmt":"0","ProcessPayment":"false","PaymentEx":null}|Payment Created|{"user_id":12}



[2023-02-28 07:51:34] local.INFO: QB_ACCESS_TOKEN_VALID  
[2023-02-28 07:51:34] local.INFO: DATA SERVICE OBJECT CREATED SUCCESSFULLY  
[2023-02-28 07:51:34] local.INFO: LogPayment | payment request  App\Services\PaymentServices::store|{"AccountName":"Student40090","TotalAmt":"160.0"}{"user_id":12}  
[2023-02-28 07:51:40] local.INFO: LoPayment | payment request created successfully  App\Services\PaymentServices::store|{"Id":"326","SyncToken":"0","MetaData":{"CreatedByRef":null,"CreateTime":"2023-02-27T23:51:40-08:00","LastModifiedByRef":null,"LastUpdatedTime":"2023-02-27T23:51:40-08:00","LastChangedInQB":null,"Synchronized":null},"CustomField":null,"AttachableRef":null,"domain":null,"status":null,"sparse":null,"DocNumber":null,"TxnDate":"2023-02-27","DepartmentRef":null,"CurrencyRef":"USD","ExchangeRate":null,"PrivateNote":null,"TxnStatus":null,"LinkedTxn":null,"Line":null,"TxnTaxDetail":null,"TxnSource":null,"TaxFormType":null,"TaxFormNum":null,"TransactionLocationType":null,"Tag":null,"TxnApprovalInfo":null,"RecurDataRef":null,"RecurringInfo":null,"ProjectRef":null,"CustomerRef":"98","RemitToRef":null,"ARAccountRef":null,"DepositToAccountRef":"4","PaymentMethodRef":null,"PaymentRefNum":null,"PaymentType":null,"CheckPayment":null,"CreditCardPayment":null,"TotalAmt":"160.00","UnappliedAmt":"160.00","ProcessPayment":"false","PaymentEx":null}|Payment Created|{"user_id":12}  
